2024-01-12 22:34:49,272 - Day  Today the 1 of Human's life  status:
2024-01-12 22:34:49,272 - - Money: 100
2024-01-12 22:34:49,272 - - Satiety: 50
2024-01-12 22:34:49,272 - - Gladness: 50
2024-01-12 22:34:49,275 - Day  Today the 2 of Human's life  status:
2024-01-12 22:34:49,275 - - Money: 85
2024-01-12 22:34:49,275 - - Satiety: 52
2024-01-12 22:34:49,275 - - Gladness: 60
2024-01-12 22:34:49,278 - Day  Today the 3 of Human's life  status:
2024-01-12 22:34:49,278 - - Money: 70
2024-01-12 22:34:49,278 - - Satiety: 54
2024-01-12 22:34:49,278 - - Gladness: 70
2024-01-12 22:34:49,281 - Day  Today the 4 of Human's life  status:
2024-01-12 22:34:49,282 - - Money: 70
2024-01-12 22:34:49,282 - - Satiety: 54
2024-01-12 22:34:49,282 - - Gladness: 75
2024-01-12 22:34:49,284 - Day  Today the 5 of Human's life  status:
2024-01-12 22:34:49,285 - - Money: 70
2024-01-12 22:34:49,285 - - Satiety: 54
2024-01-12 22:34:49,285 - - Gladness: 85
2024-01-12 22:34:49,287 - Day  Today the 6 of Human's life  status:
2024-01-12 22:34:49,288 - - Money: 115
2024-01-12 22:34:49,288 - - Satiety: 50
2024-01-12 22:34:49,288 - - Gladness: 60
2024-01-12 22:34:49,290 - Day  Today the 7 of Human's life  status:
2024-01-12 22:34:49,291 - - Money: 100
2024-01-12 22:34:49,291 - - Satiety: 52
2024-01-12 22:34:49,291 - - Gladness: 70
2024-01-12 22:34:49,293 - Simulating day 7
2024-01-12 22:34:49,293 - Simulation ended
2024-01-12 22:34:57,265 - Day  Today the 1 of Human's life  status:
2024-01-12 22:34:57,265 - - Money: 100
2024-01-12 22:34:57,265 - - Satiety: 50
2024-01-12 22:34:57,265 - - Gladness: 50
2024-01-12 22:34:57,268 - Day  Today the 2 of Human's life  status:
2024-01-12 22:34:57,269 - - Money: 145
2024-01-12 22:34:57,269 - - Satiety: 46
2024-01-12 22:34:57,269 - - Gladness: 25
2024-01-12 22:34:57,272 - Day  Today the 3 of Human's life  status:
2024-01-12 22:34:57,272 - - Money: 145
2024-01-12 22:34:57,272 - - Satiety: 46
2024-01-12 22:34:57,272 - - Gladness: 35
2024-01-12 22:34:57,275 - Day  Today the 4 of Human's life  status:
2024-01-12 22:34:57,275 - - Money: 130
2024-01-12 22:34:57,275 - - Satiety: 48
2024-01-12 22:34:57,276 - - Gladness: 45
2024-01-12 22:34:57,280 - Day  Today the 5 of Human's life  status:
2024-01-12 22:34:57,281 - - Money: 115
2024-01-12 22:34:57,281 - - Satiety: 50
2024-01-12 22:34:57,281 - - Gladness: 55
2024-01-12 22:34:57,286 - Day  Today the 6 of Human's life  status:
2024-01-12 22:34:57,286 - - Money: 115
2024-01-12 22:34:57,286 - - Satiety: 50
2024-01-12 22:34:57,286 - - Gladness: 65
2024-01-12 22:34:57,288 - Day  Today the 7 of Human's life  status:
2024-01-12 22:34:57,288 - - Money: 100
2024-01-12 22:34:57,288 - - Satiety: 52
2024-01-12 22:34:57,289 - - Gladness: 75
2024-01-12 22:34:57,291 - Simulating day 7
2024-01-12 22:34:57,291 - Simulation ended
2024-01-12 22:41:11,035 - Day  Today the 1 of Human's life  status:
2024-01-12 22:41:11,035 - - Money: 100
2024-01-12 22:41:11,035 - - Satiety: 50
2024-01-12 22:41:11,036 - - Gladness: 50
2024-01-12 22:41:11,038 - Day  Today the 2 of Human's life  status:
2024-01-12 22:41:11,039 - - Money: 170
2024-01-12 22:41:11,039 - - Satiety: 46
2024-01-12 22:41:11,039 - - Gladness: 49
2024-01-12 22:41:11,042 - Day  Today the 3 of Human's life  status:
2024-01-12 22:41:11,042 - - Money: 240
2024-01-12 22:41:11,042 - - Satiety: 42
2024-01-12 22:41:11,042 - - Gladness: 48
2024-01-12 22:41:11,045 - Day  Today the 4 of Human's life  status:
2024-01-12 22:41:11,045 - - Money: 310
2024-01-12 22:41:11,045 - - Satiety: 38
2024-01-12 22:41:11,045 - - Gladness: 47
2024-01-12 22:41:11,048 - Day  Today the 5 of Human's life  status:
2024-01-12 22:41:11,048 - - Money: 310
2024-01-12 22:41:11,048 - - Satiety: 38
2024-01-12 22:41:11,048 - - Gladness: 52
2024-01-12 22:41:11,052 - Day  Today the 6 of Human's life  status:
2024-01-12 22:41:11,053 - - Money: 310
2024-01-12 22:41:11,053 - - Satiety: 38
2024-01-12 22:41:11,053 - - Gladness: 57
2024-01-12 22:41:11,055 - Day  Today the 7 of Human's life  status:
2024-01-12 22:41:11,055 - - Money: 380
2024-01-12 22:41:11,056 - - Satiety: 34
2024-01-12 22:41:11,056 - - Gladness: 56
2024-01-12 22:41:11,056 - Simulating day 7
2024-01-12 22:41:11,056 - Simulation ended
2024-01-12 22:42:22,036 - Day  Today the 1 of Human's life  status:
2024-01-12 22:42:22,036 - - Money: 100
2024-01-12 22:42:22,037 - - Satiety: 50
2024-01-12 22:42:22,037 - - Gladness: 50
2024-01-12 22:42:22,040 - Day  Today the 2 of Human's life  status:
2024-01-12 22:42:22,040 - - Money: 100
2024-01-12 22:42:22,040 - - Satiety: 50
2024-01-12 22:42:22,040 - - Gladness: 60
2024-01-12 22:42:22,043 - Day  Today the 3 of Human's life  status:
2024-01-12 22:42:22,043 - - Money: 100
2024-01-12 22:42:22,043 - - Satiety: 50
2024-01-12 22:42:22,043 - - Gladness: 70
2024-01-12 22:42:22,045 - Day  Today the 4 of Human's life  status:
2024-01-12 22:42:22,045 - - Money: 85
2024-01-12 22:42:22,045 - - Satiety: 52
2024-01-12 22:42:22,045 - - Gladness: 80
2024-01-12 22:42:22,047 - Day  Today the 5 of Human's life  status:
2024-01-12 22:42:22,047 - - Money: 85
2024-01-12 22:42:22,047 - - Satiety: 52
2024-01-12 22:42:22,047 - - Gladness: 90
2024-01-12 22:42:22,051 - Day  Today the 6 of Human's life  status:
2024-01-12 22:42:22,051 - - Money: 135
2024-01-12 22:42:22,051 - - Satiety: 48
2024-01-12 22:42:22,051 - - Gladness: 80
2024-01-12 22:42:22,056 - Day  Today the 7 of Human's life  status:
2024-01-12 22:42:22,056 - - Money: 185
2024-01-12 22:42:22,056 - - Satiety: 44
2024-01-12 22:42:22,056 - - Gladness: 70
2024-01-12 22:42:22,056 - Simulating day 7
2024-01-12 22:42:22,056 - Simulation ended
2024-01-12 22:42:22,968 - Day  Today the 1 of Human's life  status:
2024-01-12 22:42:22,968 - - Money: 100
2024-01-12 22:42:22,968 - - Satiety: 50
2024-01-12 22:42:22,968 - - Gladness: 50
2024-01-12 22:42:22,971 - Day  Today the 2 of Human's life  status:
2024-01-12 22:42:22,971 - - Money: 100
2024-01-12 22:42:22,972 - - Satiety: 50
2024-01-12 22:42:22,972 - - Gladness: 55
2024-01-12 22:42:22,973 - Day  Today the 3 of Human's life  status:
2024-01-12 22:42:22,974 - - Money: 100
2024-01-12 22:42:22,974 - - Satiety: 50
2024-01-12 22:42:22,974 - - Gladness: 65
2024-01-12 22:42:22,975 - Day  Today the 4 of Human's life  status:
2024-01-12 22:42:22,976 - - Money: 85
2024-01-12 22:42:22,976 - - Satiety: 52
2024-01-12 22:42:22,976 - - Gladness: 75
2024-01-12 22:42:22,979 - Day  Today the 5 of Human's life  status:
2024-01-12 22:42:22,979 - - Money: 85
2024-01-12 22:42:22,979 - - Satiety: 52
2024-01-12 22:42:22,979 - - Gladness: 85
2024-01-12 22:42:22,982 - Day  Today the 6 of Human's life  status:
2024-01-12 22:42:22,982 - - Money: 85
2024-01-12 22:42:22,982 - - Satiety: 52
2024-01-12 22:42:22,982 - - Gladness: 90
2024-01-12 22:42:22,985 - Day  Today the 7 of Human's life  status:
2024-01-12 22:42:22,985 - - Money: 70
2024-01-12 22:42:22,985 - - Satiety: 54
2024-01-12 22:42:22,985 - - Gladness: 100
2024-01-12 22:42:22,986 - Simulating day 7
2024-01-12 22:42:22,986 - Simulation ended
